<?xml version="1.0" encoding="UTF-8"?>
<testsuite xmlns:xsi="http://www.w3.org/2001/XMLSchema-instance" xsi:noNamespaceSchemaLocation="https://maven.apache.org/surefire/maven-surefire-plugin/xsd/surefire-test-report-3.0.xsd" version="3.0" name="TestSuite" time="10.281" tests="1" errors="0" skipped="0" failures="0">
  <properties>
    <property name="java.specification.version" value="17"/>
    <property name="webdriver.chrome.driver" value="D:\training\chromedriver-win64_116\chromedriver-win64\chromedriver.exe"/>
    <property name="sun.cpu.isalist" value="amd64"/>
    <property name="sun.jnu.encoding" value="Cp1252"/>
    <property name="java.class.path" value="C:\Users\suhar\OneDrive\Desktop\workspace\Lakshmi_Framework\target\test-classes;C:\Users\suhar\OneDrive\Desktop\workspace\Lakshmi_Framework\target\classes;C:\Users\suhar\.m2\repository\org\seleniumhq\selenium\selenium-java\4.0.0-alpha-5\selenium-java-4.0.0-alpha-5.jar;C:\Users\suhar\.m2\repository\org\seleniumhq\selenium\selenium-api\4.0.0-alpha-5\selenium-api-4.0.0-alpha-5.jar;C:\Users\suhar\.m2\repository\org\seleniumhq\selenium\selenium-chrome-driver\4.0.0-alpha-5\selenium-chrome-driver-4.0.0-alpha-5.jar;C:\Users\suhar\.m2\repository\com\google\auto\service\auto-service-annotations\1.0-rc6\auto-service-annotations-1.0-rc6.jar;C:\Users\suhar\.m2\repository\com\google\auto\service\auto-service\1.0-rc6\auto-service-1.0-rc6.jar;C:\Users\suhar\.m2\repository\com\google\auto\auto-common\0.10\auto-common-0.10.jar;C:\Users\suhar\.m2\repository\com\google\guava\guava\28.2-jre\guava-28.2-jre.jar;C:\Users\suhar\.m2\repository\com\google\guava\failureaccess\1.0.1\failureaccess-1.0.1.jar;C:\Users\suhar\.m2\repository\com\google\guava\listenablefuture\9999.0-empty-to-avoid-conflict-with-guava\listenablefuture-9999.0-empty-to-avoid-conflict-with-guava.jar;C:\Users\suhar\.m2\repository\com\google\code\findbugs\jsr305\3.0.2\jsr305-3.0.2.jar;C:\Users\suhar\.m2\repository\org\checkerframework\checker-qual\2.10.0\checker-qual-2.10.0.jar;C:\Users\suhar\.m2\repository\com\google\errorprone\error_prone_annotations\2.3.4\error_prone_annotations-2.3.4.jar;C:\Users\suhar\.m2\repository\com\google\j2objc\j2objc-annotations\1.3\j2objc-annotations-1.3.jar;C:\Users\suhar\.m2\repository\org\seleniumhq\selenium\selenium-chromium-driver\4.0.0-alpha-5\selenium-chromium-driver-4.0.0-alpha-5.jar;C:\Users\suhar\.m2\repository\org\seleniumhq\selenium\selenium-devtools\4.0.0-alpha-5\selenium-devtools-4.0.0-alpha-5.jar;C:\Users\suhar\.m2\repository\org\seleniumhq\selenium\selenium-http\4.0.0-alpha-5\selenium-http-4.0.0-alpha-5.jar;C:\Users\suhar\.m2\repository\org\seleniumhq\selenium\selenium-json\4.0.0-alpha-5\selenium-json-4.0.0-alpha-5.jar;C:\Users\suhar\.m2\repository\org\seleniumhq\selenium\selenium-edge-driver\4.0.0-alpha-5\selenium-edge-driver-4.0.0-alpha-5.jar;C:\Users\suhar\.m2\repository\org\seleniumhq\selenium\selenium-edgehtml-driver\4.0.0-alpha-5\selenium-edgehtml-driver-4.0.0-alpha-5.jar;C:\Users\suhar\.m2\repository\org\seleniumhq\selenium\selenium-firefox-driver\4.0.0-alpha-5\selenium-firefox-driver-4.0.0-alpha-5.jar;C:\Users\suhar\.m2\repository\org\seleniumhq\selenium\selenium-firefox-xpi-driver\4.0.0-alpha-5\selenium-firefox-xpi-driver-4.0.0-alpha-5.jar;C:\Users\suhar\.m2\repository\org\seleniumhq\selenium\selenium-ie-driver\4.0.0-alpha-5\selenium-ie-driver-4.0.0-alpha-5.jar;C:\Users\suhar\.m2\repository\org\seleniumhq\selenium\selenium-opera-driver\4.0.0-alpha-5\selenium-opera-driver-4.0.0-alpha-5.jar;C:\Users\suhar\.m2\repository\org\seleniumhq\selenium\selenium-remote-driver\4.0.0-alpha-5\selenium-remote-driver-4.0.0-alpha-5.jar;C:\Users\suhar\.m2\repository\com\squareup\okhttp3\okhttp\4.4.1\okhttp-4.4.1.jar;C:\Users\suhar\.m2\repository\org\jetbrains\kotlin\kotlin-stdlib\1.3.61\kotlin-stdlib-1.3.61.jar;C:\Users\suhar\.m2\repository\org\jetbrains\annotations\13.0\annotations-13.0.jar;C:\Users\suhar\.m2\repository\com\squareup\okio\okio\2.4.3\okio-2.4.3.jar;C:\Users\suhar\.m2\repository\org\jetbrains\kotlin\kotlin-stdlib-common\1.3.61\kotlin-stdlib-common-1.3.61.jar;C:\Users\suhar\.m2\repository\com\typesafe\netty\netty-reactive-streams\2.0.4\netty-reactive-streams-2.0.4.jar;C:\Users\suhar\.m2\repository\io\netty\netty-handler\4.1.43.Final\netty-handler-4.1.43.Final.jar;C:\Users\suhar\.m2\repository\org\reactivestreams\reactive-streams\1.0.3\reactive-streams-1.0.3.jar;C:\Users\suhar\.m2\repository\io\netty\netty-buffer\4.1.47.Final\netty-buffer-4.1.47.Final.jar;C:\Users\suhar\.m2\repository\io\netty\netty-common\4.1.47.Final\netty-common-4.1.47.Final.jar;C:\Users\suhar\.m2\repository\io\netty\netty-codec-http\4.1.47.Final\netty-codec-http-4.1.47.Final.jar;C:\Users\suhar\.m2\repository\io\netty\netty-codec\4.1.47.Final\netty-codec-4.1.47.Final.jar;C:\Users\suhar\.m2\repository\io\netty\netty-transport-native-epoll\4.1.47.Final\netty-transport-native-epoll-4.1.47.Final.jar;C:\Users\suhar\.m2\repository\io\netty\netty-transport-native-epoll\4.1.47.Final\netty-transport-native-epoll-4.1.47.Final-linux-x86_64.jar;C:\Users\suhar\.m2\repository\io\netty\netty-transport-native-kqueue\4.1.47.Final\netty-transport-native-kqueue-4.1.47.Final.jar;C:\Users\suhar\.m2\repository\io\netty\netty-transport-native-kqueue\4.1.47.Final\netty-transport-native-kqueue-4.1.47.Final-osx-x86_64.jar;C:\Users\suhar\.m2\repository\io\netty\netty-transport-native-unix-common\4.1.47.Final\netty-transport-native-unix-common-4.1.47.Final.jar;C:\Users\suhar\.m2\repository\io\netty\netty-transport\4.1.47.Final\netty-transport-4.1.47.Final.jar;C:\Users\suhar\.m2\repository\io\netty\netty-resolver\4.1.47.Final\netty-resolver-4.1.47.Final.jar;C:\Users\suhar\.m2\repository\io\opentelemetry\opentelemetry-api\0.2.0\opentelemetry-api-0.2.0.jar;C:\Users\suhar\.m2\repository\io\grpc\grpc-context\1.24.0\grpc-context-1.24.0.jar;C:\Users\suhar\.m2\repository\net\bytebuddy\byte-buddy\1.10.8\byte-buddy-1.10.8.jar;C:\Users\suhar\.m2\repository\org\apache\commons\commons-exec\1.3\commons-exec-1.3.jar;C:\Users\suhar\.m2\repository\org\asynchttpclient\async-http-client\2.11.0\async-http-client-2.11.0.jar;C:\Users\suhar\.m2\repository\org\asynchttpclient\async-http-client-netty-utils\2.11.0\async-http-client-netty-utils-2.11.0.jar;C:\Users\suhar\.m2\repository\io\netty\netty-codec-socks\4.1.46.Final\netty-codec-socks-4.1.46.Final.jar;C:\Users\suhar\.m2\repository\io\netty\netty-handler-proxy\4.1.46.Final\netty-handler-proxy-4.1.46.Final.jar;C:\Users\suhar\.m2\repository\org\slf4j\slf4j-api\1.7.30\slf4j-api-1.7.30.jar;C:\Users\suhar\.m2\repository\com\sun\activation\javax.activation\1.2.0\javax.activation-1.2.0.jar;C:\Users\suhar\.m2\repository\org\seleniumhq\selenium\selenium-safari-driver\4.0.0-alpha-5\selenium-safari-driver-4.0.0-alpha-5.jar;C:\Users\suhar\.m2\repository\org\seleniumhq\selenium\selenium-support\4.0.0-alpha-5\selenium-support-4.0.0-alpha-5.jar;C:\Users\suhar\.m2\repository\org\apache\poi\poi\4.0.1\poi-4.0.1.jar;C:\Users\suhar\.m2\repository\commons-codec\commons-codec\1.11\commons-codec-1.11.jar;C:\Users\suhar\.m2\repository\org\apache\commons\commons-collections4\4.2\commons-collections4-4.2.jar;C:\Users\suhar\.m2\repository\org\apache\commons\commons-math3\3.6.1\commons-math3-3.6.1.jar;C:\Users\suhar\.m2\repository\org\apache\poi\poi-ooxml\4.0.1\poi-ooxml-4.0.1.jar;C:\Users\suhar\.m2\repository\org\apache\poi\poi-ooxml-schemas\4.0.1\poi-ooxml-schemas-4.0.1.jar;C:\Users\suhar\.m2\repository\org\apache\xmlbeans\xmlbeans\3.0.2\xmlbeans-3.0.2.jar;C:\Users\suhar\.m2\repository\org\apache\commons\commons-compress\1.18\commons-compress-1.18.jar;C:\Users\suhar\.m2\repository\com\github\virtuald\curvesapi\1.05\curvesapi-1.05.jar;C:\Users\suhar\.m2\repository\com\aventstack\extentreports\4.0.9\extentreports-4.0.9.jar;C:\Users\suhar\.m2\repository\org\freemarker\freemarker\2.3.23\freemarker-2.3.23.jar;C:\Users\suhar\.m2\repository\org\mongodb\mongodb-driver\3.3.0\mongodb-driver-3.3.0.jar;C:\Users\suhar\.m2\repository\org\mongodb\mongodb-driver-core\3.3.0\mongodb-driver-core-3.3.0.jar;C:\Users\suhar\.m2\repository\org\mongodb\bson\3.3.0\bson-3.3.0.jar;C:\Users\suhar\.m2\repository\org\apache\httpcomponents\httpclient\4.5.2\httpclient-4.5.2.jar;C:\Users\suhar\.m2\repository\org\apache\httpcomponents\httpcore\4.4.4\httpcore-4.4.4.jar;C:\Users\suhar\.m2\repository\commons-logging\commons-logging\1.2\commons-logging-1.2.jar;C:\Users\suhar\.m2\repository\org\apache\httpcomponents\httpmime\4.5.2\httpmime-4.5.2.jar;C:\Users\suhar\.m2\repository\com\google\code\gson\gson\2.8.5\gson-2.8.5.jar;C:\Users\suhar\.m2\repository\org\testng\testng\7.1.0\testng-7.1.0.jar;C:\Users\suhar\.m2\repository\com\beust\jcommander\1.72\jcommander-1.72.jar;C:\Users\suhar\.m2\repository\com\google\inject\guice\4.1.0\guice-4.1.0-no_aop.jar;C:\Users\suhar\.m2\repository\javax\inject\javax.inject\1\javax.inject-1.jar;C:\Users\suhar\.m2\repository\aopalliance\aopalliance\1.0\aopalliance-1.0.jar;C:\Users\suhar\.m2\repository\org\yaml\snakeyaml\1.21\snakeyaml-1.21.jar;"/>
    <property name="java.vm.vendor" value="Eclipse Adoptium"/>
    <property name="sun.arch.data.model" value="64"/>
    <property name="user.variant" value=""/>
    <property name="java.vendor.url" value="https://adoptium.net/"/>
    <property name="user.timezone" value="Asia/Calcutta"/>
    <property name="os.name" value="Windows 11"/>
    <property name="java.vm.specification.version" value="17"/>
    <property name="sun.java.launcher" value="SUN_STANDARD"/>
    <property name="user.country" value="US"/>
    <property name="sun.boot.library.path" value="D:\selenium setup\eclipse latest\eclipse\plugins\org.eclipse.justj.openjdk.hotspot.jre.full.win32.x86_64_17.0.5.v20221102-0933\jre\bin"/>
    <property name="sun.java.command" value="C:\Users\suhar\AppData\Local\Temp\surefire276639563622480699\surefirebooter-20230822213903076_3.jar C:\Users\suhar\AppData\Local\Temp\surefire276639563622480699 2023-08-22T21-39-02_831-jvmRun1 surefire-20230822213903076_1tmp surefire_0-20230822213903076_2tmp"/>
    <property name="jdk.debug" value="release"/>
    <property name="surefire.test.class.path" value="C:\Users\suhar\OneDrive\Desktop\workspace\Lakshmi_Framework\target\test-classes;C:\Users\suhar\OneDrive\Desktop\workspace\Lakshmi_Framework\target\classes;C:\Users\suhar\.m2\repository\org\seleniumhq\selenium\selenium-java\4.0.0-alpha-5\selenium-java-4.0.0-alpha-5.jar;C:\Users\suhar\.m2\repository\org\seleniumhq\selenium\selenium-api\4.0.0-alpha-5\selenium-api-4.0.0-alpha-5.jar;C:\Users\suhar\.m2\repository\org\seleniumhq\selenium\selenium-chrome-driver\4.0.0-alpha-5\selenium-chrome-driver-4.0.0-alpha-5.jar;C:\Users\suhar\.m2\repository\com\google\auto\service\auto-service-annotations\1.0-rc6\auto-service-annotations-1.0-rc6.jar;C:\Users\suhar\.m2\repository\com\google\auto\service\auto-service\1.0-rc6\auto-service-1.0-rc6.jar;C:\Users\suhar\.m2\repository\com\google\auto\auto-common\0.10\auto-common-0.10.jar;C:\Users\suhar\.m2\repository\com\google\guava\guava\28.2-jre\guava-28.2-jre.jar;C:\Users\suhar\.m2\repository\com\google\guava\failureaccess\1.0.1\failureaccess-1.0.1.jar;C:\Users\suhar\.m2\repository\com\google\guava\listenablefuture\9999.0-empty-to-avoid-conflict-with-guava\listenablefuture-9999.0-empty-to-avoid-conflict-with-guava.jar;C:\Users\suhar\.m2\repository\com\google\code\findbugs\jsr305\3.0.2\jsr305-3.0.2.jar;C:\Users\suhar\.m2\repository\org\checkerframework\checker-qual\2.10.0\checker-qual-2.10.0.jar;C:\Users\suhar\.m2\repository\com\google\errorprone\error_prone_annotations\2.3.4\error_prone_annotations-2.3.4.jar;C:\Users\suhar\.m2\repository\com\google\j2objc\j2objc-annotations\1.3\j2objc-annotations-1.3.jar;C:\Users\suhar\.m2\repository\org\seleniumhq\selenium\selenium-chromium-driver\4.0.0-alpha-5\selenium-chromium-driver-4.0.0-alpha-5.jar;C:\Users\suhar\.m2\repository\org\seleniumhq\selenium\selenium-devtools\4.0.0-alpha-5\selenium-devtools-4.0.0-alpha-5.jar;C:\Users\suhar\.m2\repository\org\seleniumhq\selenium\selenium-http\4.0.0-alpha-5\selenium-http-4.0.0-alpha-5.jar;C:\Users\suhar\.m2\repository\org\seleniumhq\selenium\selenium-json\4.0.0-alpha-5\selenium-json-4.0.0-alpha-5.jar;C:\Users\suhar\.m2\repository\org\seleniumhq\selenium\selenium-edge-driver\4.0.0-alpha-5\selenium-edge-driver-4.0.0-alpha-5.jar;C:\Users\suhar\.m2\repository\org\seleniumhq\selenium\selenium-edgehtml-driver\4.0.0-alpha-5\selenium-edgehtml-driver-4.0.0-alpha-5.jar;C:\Users\suhar\.m2\repository\org\seleniumhq\selenium\selenium-firefox-driver\4.0.0-alpha-5\selenium-firefox-driver-4.0.0-alpha-5.jar;C:\Users\suhar\.m2\repository\org\seleniumhq\selenium\selenium-firefox-xpi-driver\4.0.0-alpha-5\selenium-firefox-xpi-driver-4.0.0-alpha-5.jar;C:\Users\suhar\.m2\repository\org\seleniumhq\selenium\selenium-ie-driver\4.0.0-alpha-5\selenium-ie-driver-4.0.0-alpha-5.jar;C:\Users\suhar\.m2\repository\org\seleniumhq\selenium\selenium-opera-driver\4.0.0-alpha-5\selenium-opera-driver-4.0.0-alpha-5.jar;C:\Users\suhar\.m2\repository\org\seleniumhq\selenium\selenium-remote-driver\4.0.0-alpha-5\selenium-remote-driver-4.0.0-alpha-5.jar;C:\Users\suhar\.m2\repository\com\squareup\okhttp3\okhttp\4.4.1\okhttp-4.4.1.jar;C:\Users\suhar\.m2\repository\org\jetbrains\kotlin\kotlin-stdlib\1.3.61\kotlin-stdlib-1.3.61.jar;C:\Users\suhar\.m2\repository\org\jetbrains\annotations\13.0\annotations-13.0.jar;C:\Users\suhar\.m2\repository\com\squareup\okio\okio\2.4.3\okio-2.4.3.jar;C:\Users\suhar\.m2\repository\org\jetbrains\kotlin\kotlin-stdlib-common\1.3.61\kotlin-stdlib-common-1.3.61.jar;C:\Users\suhar\.m2\repository\com\typesafe\netty\netty-reactive-streams\2.0.4\netty-reactive-streams-2.0.4.jar;C:\Users\suhar\.m2\repository\io\netty\netty-handler\4.1.43.Final\netty-handler-4.1.43.Final.jar;C:\Users\suhar\.m2\repository\org\reactivestreams\reactive-streams\1.0.3\reactive-streams-1.0.3.jar;C:\Users\suhar\.m2\repository\io\netty\netty-buffer\4.1.47.Final\netty-buffer-4.1.47.Final.jar;C:\Users\suhar\.m2\repository\io\netty\netty-common\4.1.47.Final\netty-common-4.1.47.Final.jar;C:\Users\suhar\.m2\repository\io\netty\netty-codec-http\4.1.47.Final\netty-codec-http-4.1.47.Final.jar;C:\Users\suhar\.m2\repository\io\netty\netty-codec\4.1.47.Final\netty-codec-4.1.47.Final.jar;C:\Users\suhar\.m2\repository\io\netty\netty-transport-native-epoll\4.1.47.Final\netty-transport-native-epoll-4.1.47.Final.jar;C:\Users\suhar\.m2\repository\io\netty\netty-transport-native-epoll\4.1.47.Final\netty-transport-native-epoll-4.1.47.Final-linux-x86_64.jar;C:\Users\suhar\.m2\repository\io\netty\netty-transport-native-kqueue\4.1.47.Final\netty-transport-native-kqueue-4.1.47.Final.jar;C:\Users\suhar\.m2\repository\io\netty\netty-transport-native-kqueue\4.1.47.Final\netty-transport-native-kqueue-4.1.47.Final-osx-x86_64.jar;C:\Users\suhar\.m2\repository\io\netty\netty-transport-native-unix-common\4.1.47.Final\netty-transport-native-unix-common-4.1.47.Final.jar;C:\Users\suhar\.m2\repository\io\netty\netty-transport\4.1.47.Final\netty-transport-4.1.47.Final.jar;C:\Users\suhar\.m2\repository\io\netty\netty-resolver\4.1.47.Final\netty-resolver-4.1.47.Final.jar;C:\Users\suhar\.m2\repository\io\opentelemetry\opentelemetry-api\0.2.0\opentelemetry-api-0.2.0.jar;C:\Users\suhar\.m2\repository\io\grpc\grpc-context\1.24.0\grpc-context-1.24.0.jar;C:\Users\suhar\.m2\repository\net\bytebuddy\byte-buddy\1.10.8\byte-buddy-1.10.8.jar;C:\Users\suhar\.m2\repository\org\apache\commons\commons-exec\1.3\commons-exec-1.3.jar;C:\Users\suhar\.m2\repository\org\asynchttpclient\async-http-client\2.11.0\async-http-client-2.11.0.jar;C:\Users\suhar\.m2\repository\org\asynchttpclient\async-http-client-netty-utils\2.11.0\async-http-client-netty-utils-2.11.0.jar;C:\Users\suhar\.m2\repository\io\netty\netty-codec-socks\4.1.46.Final\netty-codec-socks-4.1.46.Final.jar;C:\Users\suhar\.m2\repository\io\netty\netty-handler-proxy\4.1.46.Final\netty-handler-proxy-4.1.46.Final.jar;C:\Users\suhar\.m2\repository\org\slf4j\slf4j-api\1.7.30\slf4j-api-1.7.30.jar;C:\Users\suhar\.m2\repository\com\sun\activation\javax.activation\1.2.0\javax.activation-1.2.0.jar;C:\Users\suhar\.m2\repository\org\seleniumhq\selenium\selenium-safari-driver\4.0.0-alpha-5\selenium-safari-driver-4.0.0-alpha-5.jar;C:\Users\suhar\.m2\repository\org\seleniumhq\selenium\selenium-support\4.0.0-alpha-5\selenium-support-4.0.0-alpha-5.jar;C:\Users\suhar\.m2\repository\org\apache\poi\poi\4.0.1\poi-4.0.1.jar;C:\Users\suhar\.m2\repository\commons-codec\commons-codec\1.11\commons-codec-1.11.jar;C:\Users\suhar\.m2\repository\org\apache\commons\commons-collections4\4.2\commons-collections4-4.2.jar;C:\Users\suhar\.m2\repository\org\apache\commons\commons-math3\3.6.1\commons-math3-3.6.1.jar;C:\Users\suhar\.m2\repository\org\apache\poi\poi-ooxml\4.0.1\poi-ooxml-4.0.1.jar;C:\Users\suhar\.m2\repository\org\apache\poi\poi-ooxml-schemas\4.0.1\poi-ooxml-schemas-4.0.1.jar;C:\Users\suhar\.m2\repository\org\apache\xmlbeans\xmlbeans\3.0.2\xmlbeans-3.0.2.jar;C:\Users\suhar\.m2\repository\org\apache\commons\commons-compress\1.18\commons-compress-1.18.jar;C:\Users\suhar\.m2\repository\com\github\virtuald\curvesapi\1.05\curvesapi-1.05.jar;C:\Users\suhar\.m2\repository\com\aventstack\extentreports\4.0.9\extentreports-4.0.9.jar;C:\Users\suhar\.m2\repository\org\freemarker\freemarker\2.3.23\freemarker-2.3.23.jar;C:\Users\suhar\.m2\repository\org\mongodb\mongodb-driver\3.3.0\mongodb-driver-3.3.0.jar;C:\Users\suhar\.m2\repository\org\mongodb\mongodb-driver-core\3.3.0\mongodb-driver-core-3.3.0.jar;C:\Users\suhar\.m2\repository\org\mongodb\bson\3.3.0\bson-3.3.0.jar;C:\Users\suhar\.m2\repository\org\apache\httpcomponents\httpclient\4.5.2\httpclient-4.5.2.jar;C:\Users\suhar\.m2\repository\org\apache\httpcomponents\httpcore\4.4.4\httpcore-4.4.4.jar;C:\Users\suhar\.m2\repository\commons-logging\commons-logging\1.2\commons-logging-1.2.jar;C:\Users\suhar\.m2\repository\org\apache\httpcomponents\httpmime\4.5.2\httpmime-4.5.2.jar;C:\Users\suhar\.m2\repository\com\google\code\gson\gson\2.8.5\gson-2.8.5.jar;C:\Users\suhar\.m2\repository\org\testng\testng\7.1.0\testng-7.1.0.jar;C:\Users\suhar\.m2\repository\com\beust\jcommander\1.72\jcommander-1.72.jar;C:\Users\suhar\.m2\repository\com\google\inject\guice\4.1.0\guice-4.1.0-no_aop.jar;C:\Users\suhar\.m2\repository\javax\inject\javax.inject\1\javax.inject-1.jar;C:\Users\suhar\.m2\repository\aopalliance\aopalliance\1.0\aopalliance-1.0.jar;C:\Users\suhar\.m2\repository\org\yaml\snakeyaml\1.21\snakeyaml-1.21.jar;"/>
    <property name="sun.cpu.endian" value="little"/>
    <property name="user.home" value="C:\Users\suhar"/>
    <property name="user.language" value="en"/>
    <property name="java.specification.vendor" value="Oracle Corporation"/>
    <property name="java.version.date" value="2022-10-18"/>
    <property name="java.home" value="D:\selenium setup\eclipse latest\eclipse\plugins\org.eclipse.justj.openjdk.hotspot.jre.full.win32.x86_64_17.0.5.v20221102-0933\jre"/>
    <property name="file.separator" value="\"/>
    <property name="style.color" value="always"/>
    <property name="basedir" value="C:\Users\suhar\OneDrive\Desktop\workspace\Lakshmi_Framework"/>
    <property name="java.vm.compressedOopsMode" value="Zero based"/>
    <property name="line.separator" value="&#10;"/>
    <property name="java.vm.specification.vendor" value="Oracle Corporation"/>
    <property name="java.specification.name" value="Java Platform API Specification"/>
    <property name="surefire.real.class.path" value="C:\Users\suhar\AppData\Local\Temp\surefire276639563622480699\surefirebooter-20230822213903076_3.jar"/>
    <property name="user.script" value=""/>
    <property name="sun.management.compiler" value="HotSpot 64-Bit Tiered Compilers"/>
    <property name="java.runtime.version" value="17.0.5+8"/>
    <property name="user.name" value="suhar"/>
    <property name="path.separator" value=";"/>
    <property name="os.version" value="10.0"/>
    <property name="java.runtime.name" value="OpenJDK Runtime Environment"/>
    <property name="file.encoding" value="Cp1252"/>
    <property name="sun.nio.ch.bugLevel" value=""/>
    <property name="java.vm.name" value="OpenJDK 64-Bit Server VM"/>
    <property name="java.vendor.version" value="Temurin-17.0.5+8"/>
    <property name="localRepository" value="C:\Users\suhar\.m2\repository"/>
    <property name="java.vendor.url.bug" value="https://github.com/adoptium/adoptium-support/issues"/>
    <property name="java.io.tmpdir" value="C:\Users\suhar\AppData\Local\Temp\"/>
    <property name="java.version" value="17.0.5"/>
    <property name="user.dir" value="C:\Users\suhar\OneDrive\Desktop\workspace\Lakshmi_Framework"/>
    <property name="os.arch" value="amd64"/>
    <property name="java.vm.specification.name" value="Java Virtual Machine Specification"/>
    <property name="sun.os.patch.level" value=""/>
    <property name="native.encoding" value="Cp1252"/>
    <property name="java.library.path" value="D:\selenium setup\eclipse latest\eclipse\plugins\org.eclipse.justj.openjdk.hotspot.jre.full.win32.x86_64_17.0.5.v20221102-0933\jre\bin;C:\WINDOWS\Sun\Java\bin;C:\WINDOWS\system32;C:\WINDOWS;D:/selenium setup/eclipse latest/eclipse//plugins/org.eclipse.justj.openjdk.hotspot.jre.full.win32.x86_64_17.0.5.v20221102-0933/jre/bin/server;D:/selenium setup/eclipse latest/eclipse//plugins/org.eclipse.justj.openjdk.hotspot.jre.full.win32.x86_64_17.0.5.v20221102-0933/jre/bin;C:\Program Files\Common Files\Oracle\Java\javapath;C:\WINDOWS\system32;C:\WINDOWS;C:\WINDOWS\System32\Wbem;C:\WINDOWS\System32\WindowsPowerShell\v1.0\;C:\WINDOWS\System32\OpenSSH\;C:\Program Files\Java\jdk-18.0.2\bin;C:\Program Files (x86)\dotnet\;D:\selenium setup\apache-maven-3.8.6\bin;C:\Program Files\Git\cmd;C:\Users\suhar\AppData\Local\Microsoft\WindowsApps;;D:\selenium setup\eclipse latest\eclipse;;."/>
    <property name="java.vm.info" value="mixed mode"/>
    <property name="java.vendor" value="Eclipse Adoptium"/>
    <property name="java.vm.version" value="17.0.5+8"/>
    <property name="sun.io.unicode.encoding" value="UnicodeLittle"/>
    <property name="java.class.version" value="61.0"/>
  </properties>
  <testcase name="test" classname="TestCases.login_test" time="2.651">
    <system-out><![CDATA[report initiated
Browser instiated
Browser instiatedchrome
Admin
Admin
Admin
admin123
]]></system-out>
    <system-err><![CDATA[SLF4J: Failed to load class "org.slf4j.impl.StaticLoggerBinder".
SLF4J: Defaulting to no-operation (NOP) logger implementation
SLF4J: See http://www.slf4j.org/codes.html#StaticLoggerBinder for further details.
Starting ChromeDriver 116.0.5845.96 (1a391816688002153ef791ffe60d9e899a71a037-refs/branch-heads/5845@{#1382}) on port 16642
Only local connections are allowed.
Please see https://chromedriver.chromium.org/security-considerations for suggestions on keeping ChromeDriver safe.
ChromeDriver was started successfully.
Aug 22, 2023 9:39:06 PM org.openqa.selenium.remote.ProtocolHandshake createSession
INFO: Detected dialect: W3C
]]></system-err>
  </testcase>
</testsuite>