<?xml version="1.0" encoding="UTF-8"?>
<!-- Generated by org.testng.reporters.JUnitReportReporter -->
<testsuite hostname="suharika" failures="0" tests="1" name="TestCases.login_test" time="3.019" errors="0" timestamp="2023-10-19T08:42:32 IST" skipped="0">
  <testcase classname="TestCases.login_test" name="test" time="3.019"/>
  <system-out/>
</testsuite> <!-- TestCases.login_test -->
